<?xml version="1.0" encoding="UTF-8"?>
<testng-results ignored="1" total="2" passed="1" failed="0" skipped="0">
  <reporter-output>
  </reporter-output>
  <suite started-at="2022-12-01T15:41:28 CET" name="Default suite" finished-at="2022-12-01T15:41:59 CET" duration-ms="31026">
    <groups>
    </groups>
    <test started-at="2022-12-01T15:41:28 CET" name="Default test" finished-at="2022-12-01T15:41:59 CET" duration-ms="31026">
      <class name="TC_005_GET_REQUEST">
        <test-method signature="getMovieAndActorNames()[pri:0, instance:TC_005_GET_REQUEST@71def8f8]" started-at="2022-12-01T15:41:28 CET" name="getMovieAndActorNames" finished-at="2022-12-01T15:41:59 CET" duration-ms="30989" status="PASS">
          <reporter-output>
          </reporter-output>
        </test-method> <!-- getMovieAndActorNames -->
      </class> <!-- TC_005_GET_REQUEST -->
    </test> <!-- Default test -->
  </suite> <!-- Default suite -->
</testng-results>
